TN:
SF:src\services\slices\constructorSlice.ts
FN:35,(anonymous_16)
FN:39,(anonymous_19)
FN:51,(anonymous_20)
FN:58,(anonymous_21)
FN:65,(anonymous_22)
FN:68,(anonymous_23)
FN:71,(anonymous_24)
FN:77,(anonymous_25)
FN:83,(anonymous_26)
FN:86,(anonymous_27)
FN:90,(anonymous_28)
FN:92,(anonymous_29)
FN:96,(anonymous_30)
FN:101,(anonymous_31)
FNF:14
FNH:6
FNDA:0,(anonymous_16)
FNDA:0,(anonymous_19)
FNDA:6,(anonymous_20)
FNDA:6,(anonymous_21)
FNDA:1,(anonymous_22)
FNDA:2,(anonymous_23)
FNDA:1,(anonymous_24)
FNDA:0,(anonymous_25)
FNDA:0,(anonymous_26)
FNDA:0,(anonymous_27)
FNDA:2,(anonymous_28)
FNDA:0,(anonymous_29)
FNDA:0,(anonymous_30)
FNDA:0,(anonymous_31)
DA:1,2
DA:7,2
DA:21,2
DA:31,2
DA:35,0
DA:36,0
DA:37,0
DA:39,0
DA:42,0
DA:43,0
DA:46,2
DA:52,6
DA:53,1
DA:55,5
DA:58,6
DA:66,1
DA:68,2
DA:72,1
DA:73,1
DA:74,1
DA:75,1
DA:78,0
DA:79,0
DA:80,0
DA:81,0
DA:84,0
DA:87,0
DA:91,2
DA:93,0
DA:94,0
DA:97,0
DA:98,0
DA:99,0
DA:102,0
DA:103,0
DA:109,2
DA:117,2
LF:37
LH:18
BRDA:38,0,0,0
BRDA:38,0,1,0
BRDA:38,1,0,0
BRDA:38,1,1,0
BRDA:40,2,0,0
BRDA:40,2,1,0
BRDA:40,3,0,0
BRDA:40,3,1,0
BRDA:52,4,0,1
BRDA:52,4,1,5
BRDA:73,5,0,0
BRDA:80,6,0,0
BRDA:103,7,0,0
BRDA:103,7,1,0
BRF:14
BRH:2
end_of_record
TN:
SF:src\services\slices\index.ts
FNF:0
FNH:0
DA:1,1
DA:2,1
DA:3,1
DA:4,1
DA:5,1
DA:7,1
LF:6
LH:6
BRF:0
BRH:0
end_of_record
TN:
SF:src\services\slices\ingredientsSlice.ts
FN:19,(anonymous_13)
FN:26,(anonymous_16)
FN:28,(anonymous_17)
FN:32,(anonymous_18)
FN:36,(anonymous_19)
FNF:5
FNH:4
FNDA:0,(anonymous_13)
FNDA:2,(anonymous_16)
FNDA:1,(anonymous_17)
FNDA:1,(anonymous_18)
FNDA:1,(anonymous_19)
DA:1,2
DA:2,2
DA:11,2
DA:17,2
DA:19,0
DA:22,2
DA:27,2
DA:29,1
DA:30,1
DA:33,1
DA:34,1
DA:37,1
DA:38,1
DA:43,2
LF:14
LH:13
BRDA:38,0,0,1
BRDA:38,0,1,0
BRF:2
BRH:1
end_of_record
TN:
SF:src\services\slices\ordersSlice.ts
FN:33,(anonymous_13)
FN:39,(anonymous_16)
FN:44,(anonymous_19)
FN:44,(anonymous_20)
FN:54,(anonymous_22)
FN:56,(anonymous_23)
FN:60,(anonymous_24)
FN:68,(anonymous_25)
FN:72,(anonymous_26)
FN:76,(anonymous_27)
FN:80,(anonymous_28)
FN:84,(anonymous_29)
FN:88,(anonymous_30)
FN:92,(anonymous_31)
FNF:14
FNH:4
FNDA:0,(anonymous_13)
FNDA:0,(anonymous_16)
FNDA:0,(anonymous_19)
FNDA:0,(anonymous_20)
FNDA:2,(anonymous_22)
FNDA:1,(anonymous_23)
FNDA:1,(anonymous_24)
FNDA:1,(anonymous_25)
FNDA:0,(anonymous_26)
FNDA:0,(anonymous_27)
FNDA:0,(anonymous_28)
FNDA:0,(anonymous_29)
FNDA:0,(anonymous_30)
FNDA:0,(anonymous_31)
DA:1,2
DA:2,2
DA:19,2
DA:33,2
DA:34,0
DA:37,2
DA:39,0
DA:42,2
DA:44,0
DA:45,0
DA:46,0
DA:50,2
DA:55,2
DA:57,1
DA:58,1
DA:61,1
DA:62,1
DA:69,1
DA:70,1
DA:73,0
DA:74,0
DA:77,0
DA:78,0
DA:81,0
DA:82,0
DA:85,0
DA:86,0
DA:89,0
DA:90,0
DA:93,0
DA:94,0
DA:99,2
LF:32
LH:15
BRDA:45,0,0,0
BRDA:46,1,0,0
BRDA:46,1,1,0
BRDA:70,2,0,1
BRDA:70,2,1,0
BRDA:82,3,0,0
BRDA:82,3,1,0
BRDA:94,4,0,0
BRDA:94,4,1,0
BRF:9
BRH:1
end_of_record
TN:
SF:src\services\slices\userSlice.ts
FN:28,(anonymous_13)
FN:35,(anonymous_14)
FN:35,(anonymous_15)
FN:44,(anonymous_17)
FN:44,(anonymous_18)
FN:51,(anonymous_20)
FN:58,(anonymous_23)
FN:58,(anonymous_24)
FN:64,(anonymous_26)
FN:74,(anonymous_29)
FN:76,(anonymous_30)
FN:81,(anonymous_31)
FN:84,(anonymous_32)
FN:89,(anonymous_33)
FN:92,(anonymous_34)
FN:96,(anonymous_35)
FN:100,(anonymous_36)
FN:104,(anonymous_37)
FN:108,(anonymous_38)
FNF:19
FNH:6
FNDA:0,(anonymous_13)
FNDA:0,(anonymous_14)
FNDA:0,(anonymous_15)
FNDA:0,(anonymous_17)
FNDA:0,(anonymous_18)
FNDA:0,(anonymous_20)
FNDA:0,(anonymous_23)
FNDA:0,(anonymous_24)
FNDA:0,(anonymous_26)
FNDA:2,(anonymous_29)
FNDA:1,(anonymous_30)
FNDA:0,(anonymous_31)
FNDA:0,(anonymous_32)
FNDA:1,(anonymous_33)
FNDA:0,(anonymous_34)
FNDA:1,(anonymous_35)
FNDA:0,(anonymous_36)
FNDA:1,(anonymous_37)
FNDA:1,(anonymous_38)
DA:1,2
DA:2,2
DA:11,2
DA:21,2
DA:28,2
DA:29,0
DA:30,0
DA:33,2
DA:35,0
DA:36,0
DA:37,0
DA:38,0
DA:42,2
DA:44,0
DA:45,0
DA:46,0
DA:47,0
DA:51,2
DA:52,0
DA:53,0
DA:56,2
DA:58,0
DA:59,0
DA:60,0
DA:64,2
DA:65,0
DA:66,0
DA:67,0
DA:70,2
DA:75,2
DA:77,1
DA:78,1
DA:79,1
DA:82,0
DA:85,0
DA:86,0
DA:87,0
DA:90,1
DA:93,0
DA:94,0
DA:97,1
DA:98,1
DA:101,0
DA:102,0
DA:105,1
DA:109,1
DA:110,1
DA:115,2
LF:48
LH:22
BRDA:36,0,0,0
BRDA:45,1,0,0
BRDA:52,2,0,0
BRDA:59,3,0,0
BRDA:65,4,0,0
BRDA:82,5,0,0
BRDA:82,5,1,0
BRDA:90,6,0,1
BRDA:90,6,1,0
BRDA:106,7,0,1
BRDA:106,7,1,0
BRF:11
BRH:2
end_of_record
TN:
SF:src\utils\burger-api.ts
FN:6,(anonymous_13)
FN:7,(anonymous_14)
FN:18,(anonymous_15)
FN:28,(anonymous_16)
FN:29,(anonymous_17)
FN:38,(anonymous_18)
FN:40,(anonymous_19)
FN:74,(anonymous_21)
FN:76,(anonymous_22)
FN:77,(anonymous_23)
FN:82,(anonymous_24)
FN:84,(anonymous_25)
FN:85,(anonymous_26)
FN:90,(anonymous_27)
FN:97,(anonymous_28)
FN:125,(anonymous_29)
FN:135,(anonymous_30)
FN:144,(anonymous_31)
FN:150,(anonymous_32)
FN:164,(anonymous_33)
FN:172,(anonymous_34)
FN:173,(anonymous_35)
FN:183,(anonymous_36)
FN:191,(anonymous_37)
FN:192,(anonymous_38)
FN:197,(anonymous_39)
FN:205,(anonymous_40)
FN:206,(anonymous_41)
FN:211,(anonymous_42)
FN:219,(anonymous_43)
FN:220,(anonymous_44)
FN:227,(anonymous_45)
FN:234,(anonymous_46)
FN:244,(anonymous_47)
FN:253,(anonymous_48)
FNF:35
FNH:0
FNDA:0,(anonymous_13)
FNDA:0,(anonymous_14)
FNDA:0,(anonymous_15)
FNDA:0,(anonymous_16)
FNDA:0,(anonymous_17)
FNDA:0,(anonymous_18)
FNDA:0,(anonymous_19)
FNDA:0,(anonymous_21)
FNDA:0,(anonymous_22)
FNDA:0,(anonymous_23)
FNDA:0,(anonymous_24)
FNDA:0,(anonymous_25)
FNDA:0,(anonymous_26)
FNDA:0,(anonymous_27)
FNDA:0,(anonymous_28)
FNDA:0,(anonymous_29)
FNDA:0,(anonymous_30)
FNDA:0,(anonymous_31)
FNDA:0,(anonymous_32)
FNDA:0,(anonymous_33)
FNDA:0,(anonymous_34)
FNDA:0,(anonymous_35)
FNDA:0,(anonymous_36)
FNDA:0,(anonymous_37)
FNDA:0,(anonymous_38)
FNDA:0,(anonymous_39)
FNDA:0,(anonymous_40)
FNDA:0,(anonymous_41)
FNDA:0,(anonymous_42)
FNDA:0,(anonymous_43)
FNDA:0,(anonymous_44)
FNDA:0,(anonymous_45)
FNDA:0,(anonymous_46)
FNDA:0,(anonymous_47)
FNDA:0,(anonymous_48)
DA:1,5
DA:4,5
DA:6,5
DA:7,0
DA:18,5
DA:19,0
DA:28,0
DA:30,0
DA:31,0
DA:33,0
DA:34,0
DA:35,0
DA:38,5
DA:40,0
DA:43,0
DA:44,0
DA:46,0
DA:47,0
DA:48,0
DA:49,0
DA:52,0
DA:53,0
DA:55,0
DA:74,5
DA:75,0
DA:76,0
DA:78,0
DA:79,0
DA:82,5
DA:83,0
DA:84,0
DA:86,0
DA:87,0
DA:90,5
DA:91,0
DA:98,0
DA:99,0
DA:125,5
DA:126,0
DA:136,0
DA:137,0
DA:144,5
DA:145,0
DA:150,0
DA:164,5
DA:165,0
DA:172,0
DA:174,0
DA:175,0
DA:183,5
DA:184,0
DA:191,0
DA:193,0
DA:194,0
DA:197,5
DA:198,0
DA:205,0
DA:207,0
DA:208,0
DA:211,5
DA:212,0
DA:219,0
DA:221,0
DA:222,0
DA:227,5
DA:228,0
DA:234,5
DA:235,0
DA:244,5
DA:245,0
DA:253,0
LF:71
LH:17
BRDA:7,0,0,0
BRDA:7,0,1,0
BRDA:30,1,0,0
BRDA:44,2,0,0
BRDA:44,2,1,0
BRDA:44,2,2,0
BRDA:46,3,0,0
BRDA:48,4,0,0
BRDA:78,5,0,0
BRDA:78,6,0,0
BRDA:78,6,1,0
BRDA:78,7,0,0
BRDA:78,7,1,0
BRDA:86,8,0,0
BRDA:86,9,0,0
BRDA:86,9,1,0
BRDA:86,10,0,0
BRDA:86,10,1,0
BRDA:98,11,0,0
BRDA:98,12,0,0
BRDA:98,12,1,0
BRDA:98,13,0,0
BRDA:98,13,1,0
BRDA:136,14,0,0
BRDA:136,15,0,0
BRDA:136,15,1,0
BRDA:136,16,0,0
BRDA:136,16,1,0
BRDA:174,17,0,0
BRDA:174,18,0,0
BRDA:174,18,1,0
BRDA:174,19,0,0
BRDA:174,19,1,0
BRDA:193,20,0,0
BRDA:193,21,0,0
BRDA:193,21,1,0
BRDA:193,22,0,0
BRDA:193,22,1,0
BRDA:207,23,0,0
BRDA:207,24,0,0
BRDA:207,24,1,0
BRDA:207,25,0,0
BRDA:207,25,1,0
BRDA:221,26,0,0
BRDA:221,27,0,0
BRDA:221,27,1,0
BRDA:221,28,0,0
BRDA:221,28,1,0
BRF:48
BRH:0
end_of_record
TN:
SF:src\utils\cookie.ts
FN:1,getCookie
FN:13,setCookie
FN:45,deleteCookie
FNF:3
FNH:0
FNDA:0,getCookie
FNDA:0,setCookie
FNDA:0,deleteCookie
DA:1,5
DA:2,0
DA:10,0
DA:13,5
DA:16,0
DA:18,0
DA:23,0
DA:24,0
DA:25,0
DA:26,0
DA:27,0
DA:30,0
DA:31,0
DA:33,0
DA:34,0
DA:35,0
DA:36,0
DA:37,0
DA:38,0
DA:39,0
DA:42,0
DA:45,5
DA:46,0
LF:23
LH:3
BRDA:10,0,0,0
BRDA:10,0,1,0
BRDA:16,1,0,0
BRDA:24,2,0,0
BRDA:24,3,0,0
BRDA:24,3,1,0
BRDA:30,4,0,0
BRDA:30,5,0,0
BRDA:30,5,1,0
BRDA:38,6,0,0
BRF:10
BRH:0
end_of_record
